black_medium_end.dat
black_medium_begin.dat
GO17-Devils_end.raw.dat
g2018-04-28_GO_devils_half1_180428-1212-Nao0075_127.dat
g2018-04-28_GO_devils_half1_090917-0436-Nao0377_120.dat
rc18_katie_begin.raw.dat


#g2018-04-28_GO_devils_half1_090917-0436-Nao0377_121.dat
#g2018-04-28_GO_devils_half1_090917-0436-Nao0377_122.dat
#g2018-04-28_GO_devils_half1_090917-0437-Nao0225_123.dat
#g2018-04-28_GO_devils_half1_090917-0437-Nao0225_125.dat
#g2018-04-28_GO_devils_half1_180428-1212-Nao0075_126.dat
#g2018-04-28_GO_devils_half1_180428-1212-Nao0075_128.dat
#g2018-04-28_GO_devils_half1_180428-1220-Nao0379_130.dat
#g2018-04-28_GO_devils_half1_180428-1220-Nao0379_131.dat
#g2018-04-28_GO_devils_half1_180428-1411-Nao0272_132.dat
#g2018-04-28_GO_devils_half1_180428-1411-Nao0272_134.dat
#g2018-04-28_GO_devils_half2_090917-0457-Nao0225_135.dat
#g2018-04-28_GO_devils_half2_090917-0457-Nao0225_137.dat
#g2018-04-28_GO_devils_half2_090917-0457-Nao0377_138.dat
#g2018-04-28_GO_devils_half2_090917-0457-Nao0377_139.dat
#g2018-04-28_GO_devils_half2_180428-1232-Nao0075_140.dat
#g2018-04-28_GO_devils_half2_180428-1232-Nao0075_141.dat
#g2018-04-28_GO_devils_half2_180428-1232-Nao0075_142.dat
#g2018-04-28_GO_devils_half2_180428-1240-Nao0379_143.dat
#g2018-04-28_GO_devils_half2_180428-1240-Nao0379_144.dat
#g2018-04-28_GO_devils_half2_180428-1240-Nao0379_145.dat
